Arguments: 
  /home/bastiaan/.dotfiles/nvm/versions/node/v11.5.0/bin/node /home/bastiaan/.dotfiles/nvm/versions/node/v11.5.0/bin/yarn add -s bulma-swatch

PATH: 
  /home/bastiaan/.dotfiles/nvm/versions/node/v11.5.0/bin:/home/bastiaan/.dotfiles/bin:/usr/local/bin:/usr/bin:/bin:/usr/local/sbin:/usr/bin/site_perl:/usr/bin/vendor_perl:/usr/bin/core_perl

Yarn version: 
  1.13.0

Node version: 
  11.5.0

Platform: 
  linux x64

Trace: 
  Error: https://registry.yarnpkg.com/bulma-swatch: Not found
      at Request.params.callback [as _callback] (/home/bastiaan/.dotfiles/nvm/versions/node/v11.5.0/lib/node_modules/yarn/lib/cli.js:66255:18)
      at Request.self.callback (/home/bastiaan/.dotfiles/nvm/versions/node/v11.5.0/lib/node_modules/yarn/lib/cli.js:129397:22)
      at Request.emit (events.js:189:13)
      at Request.<anonymous> (/home/bastiaan/.dotfiles/nvm/versions/node/v11.5.0/lib/node_modules/yarn/lib/cli.js:130369:10)
      at Request.emit (events.js:189:13)
      at IncomingMessage.<anonymous> (/home/bastiaan/.dotfiles/nvm/versions/node/v11.5.0/lib/node_modules/yarn/lib/cli.js:130291:12)
      at Object.onceWrapper (events.js:277:13)
      at IncomingMessage.emit (events.js:194:15)
      at endReadableNT (_stream_readable.js:1129:12)
      at process.internalTickCallback (internal/process/next_tick.js:72:19)

npm manifest: 
  {
  	"private": true,
  	"name": "hugo-scarecrow-theme",
  	"version": "0.1.0",
  	"description": "Scarecrow theme for hugo",
  	"scripts": {
  		"serve": "(cd ./exampleSite && hugo server -w -v --themesDir ../.. -t hugo-scarecrow-theme)"
  	},
  	"devDependencies": {
  		"bulma": "*"
  	},
  	"dependencies": {
  		"bulma-badge": "*"
  	}
  }

yarn manifest: 
  No manifest

Lockfile: 
  # THIS IS AN AUTOGENERATED FILE. DO NOT EDIT THIS FILE DIRECTLY.
  # yarn lockfile v1
  
  
  bulma-badge@*:
    version "0.2.0"
    resolved "https://registry.yarnpkg.com/bulma-badge/-/bulma-badge-0.2.0.tgz#d71d295c5ce78c0b9b6c2f0d9efd4ebfb5644a61"
    integrity sha512-7D3jlobs2FGug4JvY2CnP+EeDeANsMb/ONrPUvCTpuIGIERwFr32pRQ0oWQ2pzaU3ehRUsJojXJyYX1AD9tbZQ==
  
  bulma@*:
    version "0.7.2"
    resolved "https://registry.yarnpkg.com/bulma/-/bulma-0.7.2.tgz#8e944377b74c7926558830d38d8e19eaf49f5fb6"
    integrity sha512-6JHEu8U/1xsyOst/El5ImLcZIiE2JFXgvrz8GGWbnDLwTNRPJzdAM0aoUM1Ns0avALcVb6KZz9NhzmU53dGDcQ==
